Fri Jan 18 09:23:24 EET 2019 : Serwer sieciowy Apache Derby - 10.10.2.0 - (1582446) uruchomiony i gotowy do zaakceptowania po³¹czeñ na porcie 1527 w {3} 
----------------------------------------------------------------
Fri Jan 18 09:23:35 EET 2019:
 Uruchamianie wersji The Apache Software Foundation - Apache Derby - 10.10.2.0 - (1582446) systemu Derby: instancja a816c00e-0168-5fd7-cc03-000068ce49f5
w katalogu bazy danych C:\_STUDENT_LAB\218420\IO2018\lab14\placki sun.misc.Launcher$AppClassLoader@1d44bcfa 

java.vendor=Oracle Corporation
java.runtime.version=1.8.0_92-b14
user.dir=C:\Program Files\glassfish-4.1.1\javadb
os.name=Windows 10
os.arch=amd64
os.version=10.0
derby.system.home=C:\_STUDENT_LAB\218420\IO2018\lab14
Uruchomiono program ³aduj¹cy klasê bazy danych - derby.database.classpath=''
Fri Jan 18 09:54:55 EET 2019 Thread[DRDAConnThread_11,5,main] (DATABASE = null), (DRDAID = null), Execution failed because of a Distributed Protocol Error:  DRDA_Proto_SYNTAXRM; CODPNT arg  = 0; Error Code Value = 3. Plaintext connection attempt from an SSL enabled client?
Fri Jan 18 09:54:55 EET 2019 : Execution failed because of a Distributed Protocol Error:  DRDA_Proto_SYNTAXRM; CODPNT arg  = 0; Error Code Value = 3. Plaintext connection attempt from an SSL enabled client?
org.apache.derby.impl.drda.DRDAProtocolException: Execution failed because of a Distributed Protocol Error:  DRDA_Proto_SYNTAXRM; CODPNT arg  = 0; Error Code Value = 3. Plaintext connection attempt from an SSL enabled client?
	at org.apache.derby.impl.drda.DRDAConnThread.throwSyntaxrm(Unknown Source)
	at org.apache.derby.impl.drda.DDMReader.readDssHeader(Unknown Source)
	at org.apache.derby.impl.drda.DRDAConnThread.exchangeServerAttributes(Unknown Source)
	at org.apache.derby.impl.drda.DRDAConnThread.sessionInitialState(Unknown Source)
	at org.apache.derby.impl.drda.DRDAConnThread.run(Unknown Source)
Fri Jan 18 09:54:55 EET 2019 Thread[DRDAConnThread_11,5,main] (DATABASE = null), (DRDAID = null), Execution failed because of a Distributed Protocol Error:  DRDA_Proto_SYNTAXRM; CODPNT arg  = 0; Error Code Value = 3. Plaintext connection attempt from an SSL enabled client?
Fri Jan 18 09:54:55 EET 2019 : Execution failed because of a Distributed Protocol Error:  DRDA_Proto_SYNTAXRM; CODPNT arg  = 0; Error Code Value = 3. Plaintext connection attempt from an SSL enabled client?
org.apache.derby.impl.drda.DRDAProtocolException: Execution failed because of a Distributed Protocol Error:  DRDA_Proto_SYNTAXRM; CODPNT arg  = 0; Error Code Value = 3. Plaintext connection attempt from an SSL enabled client?
	at org.apache.derby.impl.drda.DRDAConnThread.throwSyntaxrm(Unknown Source)
	at org.apache.derby.impl.drda.DDMReader.readDssHeader(Unknown Source)
	at org.apache.derby.impl.drda.DRDAConnThread.exchangeServerAttributes(Unknown Source)
	at org.apache.derby.impl.drda.DRDAConnThread.sessionInitialState(Unknown Source)
	at org.apache.derby.impl.drda.DRDAConnThread.run(Unknown Source)
Fri Jan 18 09:54:55 EET 2019 Thread[DRDAConnThread_12,5,main] (DATABASE = null), (DRDAID = null), Execution failed because of a Distributed Protocol Error:  DRDA_Proto_SYNTAXRM; CODPNT arg  = 0; Error Code Value = 3. Plaintext connection attempt from an SSL enabled client?
Fri Jan 18 09:54:55 EET 2019 : Execution failed because of a Distributed Protocol Error:  DRDA_Proto_SYNTAXRM; CODPNT arg  = 0; Error Code Value = 3. Plaintext connection attempt from an SSL enabled client?
org.apache.derby.impl.drda.DRDAProtocolException: Execution failed because of a Distributed Protocol Error:  DRDA_Proto_SYNTAXRM; CODPNT arg  = 0; Error Code Value = 3. Plaintext connection attempt from an SSL enabled client?
	at org.apache.derby.impl.drda.DRDAConnThread.throwSyntaxrm(Unknown Source)
	at org.apache.derby.impl.drda.DDMReader.readDssHeader(Unknown Source)
	at org.apache.derby.impl.drda.DRDAConnThread.exchangeServerAttributes(Unknown Source)
	at org.apache.derby.impl.drda.DRDAConnThread.sessionInitialState(Unknown Source)
	at org.apache.derby.impl.drda.DRDAConnThread.run(Unknown Source)
Fri Jan 18 09:54:55 EET 2019 Thread[DRDAConnThread_12,5,main] (DATABASE = null), (DRDAID = null), Execution failed because of a Distributed Protocol Error:  DRDA_Proto_SYNTAXRM; CODPNT arg  = 0; Error Code Value = 3. Plaintext connection attempt from an SSL enabled client?
Fri Jan 18 09:54:55 EET 2019 : Execution failed because of a Distributed Protocol Error:  DRDA_Proto_SYNTAXRM; CODPNT arg  = 0; Error Code Value = 3. Plaintext connection attempt from an SSL enabled client?
org.apache.derby.impl.drda.DRDAProtocolException: Execution failed because of a Distributed Protocol Error:  DRDA_Proto_SYNTAXRM; CODPNT arg  = 0; Error Code Value = 3. Plaintext connection attempt from an SSL enabled client?
	at org.apache.derby.impl.drda.DRDAConnThread.throwSyntaxrm(Unknown Source)
	at org.apache.derby.impl.drda.DDMReader.readDssHeader(Unknown Source)
	at org.apache.derby.impl.drda.DRDAConnThread.exchangeServerAttributes(Unknown Source)
	at org.apache.derby.impl.drda.DRDAConnThread.sessionInitialState(Unknown Source)
	at org.apache.derby.impl.drda.DRDAConnThread.run(Unknown Source)
Fri Jan 18 09:55:04 EET 2019 Thread[DRDAConnThread_13,5,main] (DATABASE = null), (DRDAID = null), Execution failed because of a Distributed Protocol Error:  DRDA_Proto_SYNTAXRM; CODPNT arg  = 0; Error Code Value = 3. Plaintext connection attempt from an SSL enabled client?
Fri Jan 18 09:55:04 EET 2019 : Execution failed because of a Distributed Protocol Error:  DRDA_Proto_SYNTAXRM; CODPNT arg  = 0; Error Code Value = 3. Plaintext connection attempt from an SSL enabled client?
org.apache.derby.impl.drda.DRDAProtocolException: Execution failed because of a Distributed Protocol Error:  DRDA_Proto_SYNTAXRM; CODPNT arg  = 0; Error Code Value = 3. Plaintext connection attempt from an SSL enabled client?
	at org.apache.derby.impl.drda.DRDAConnThread.throwSyntaxrm(Unknown Source)
	at org.apache.derby.impl.drda.DDMReader.readDssHeader(Unknown Source)
	at org.apache.derby.impl.drda.DRDAConnThread.exchangeServerAttributes(Unknown Source)
	at org.apache.derby.impl.drda.DRDAConnThread.sessionInitialState(Unknown Source)
	at org.apache.derby.impl.drda.DRDAConnThread.run(Unknown Source)
Fri Jan 18 09:55:04 EET 2019 Thread[DRDAConnThread_13,5,main] (DATABASE = null), (DRDAID = null), Execution failed because of a Distributed Protocol Error:  DRDA_Proto_SYNTAXRM; CODPNT arg  = 0; Error Code Value = 3. Plaintext connection attempt from an SSL enabled client?
Fri Jan 18 09:55:04 EET 2019 : Execution failed because of a Distributed Protocol Error:  DRDA_Proto_SYNTAXRM; CODPNT arg  = 0; Error Code Value = 3. Plaintext connection attempt from an SSL enabled client?
org.apache.derby.impl.drda.DRDAProtocolException: Execution failed because of a Distributed Protocol Error:  DRDA_Proto_SYNTAXRM; CODPNT arg  = 0; Error Code Value = 3. Plaintext connection attempt from an SSL enabled client?
	at org.apache.derby.impl.drda.DRDAConnThread.throwSyntaxrm(Unknown Source)
	at org.apache.derby.impl.drda.DDMReader.readDssHeader(Unknown Source)
	at org.apache.derby.impl.drda.DRDAConnThread.exchangeServerAttributes(Unknown Source)
	at org.apache.derby.impl.drda.DRDAConnThread.sessionInitialState(Unknown Source)
	at org.apache.derby.impl.drda.DRDAConnThread.run(Unknown Source)
Fri Jan 18 09:55:04 EET 2019 Thread[DRDAConnThread_14,5,main] (DATABASE = null), (DRDAID = null), Execution failed because of a Distributed Protocol Error:  DRDA_Proto_SYNTAXRM; CODPNT arg  = 0; Error Code Value = 3. Plaintext connection attempt from an SSL enabled client?
Fri Jan 18 09:55:04 EET 2019 : Execution failed because of a Distributed Protocol Error:  DRDA_Proto_SYNTAXRM; CODPNT arg  = 0; Error Code Value = 3. Plaintext connection attempt from an SSL enabled client?
org.apache.derby.impl.drda.DRDAProtocolException: Execution failed because of a Distributed Protocol Error:  DRDA_Proto_SYNTAXRM; CODPNT arg  = 0; Error Code Value = 3. Plaintext connection attempt from an SSL enabled client?
	at org.apache.derby.impl.drda.DRDAConnThread.throwSyntaxrm(Unknown Source)
	at org.apache.derby.impl.drda.DDMReader.readDssHeader(Unknown Source)
	at org.apache.derby.impl.drda.DRDAConnThread.exchangeServerAttributes(Unknown Source)
	at org.apache.derby.impl.drda.DRDAConnThread.sessionInitialState(Unknown Source)
	at org.apache.derby.impl.drda.DRDAConnThread.run(Unknown Source)
Fri Jan 18 09:55:04 EET 2019 Thread[DRDAConnThread_14,5,main] (DATABASE = null), (DRDAID = null), Execution failed because of a Distributed Protocol Error:  DRDA_Proto_SYNTAXRM; CODPNT arg  = 0; Error Code Value = 3. Plaintext connection attempt from an SSL enabled client?
Fri Jan 18 09:55:04 EET 2019 : Execution failed because of a Distributed Protocol Error:  DRDA_Proto_SYNTAXRM; CODPNT arg  = 0; Error Code Value = 3. Plaintext connection attempt from an SSL enabled client?
org.apache.derby.impl.drda.DRDAProtocolException: Execution failed because of a Distributed Protocol Error:  DRDA_Proto_SYNTAXRM; CODPNT arg  = 0; Error Code Value = 3. Plaintext connection attempt from an SSL enabled client?
	at org.apache.derby.impl.drda.DRDAConnThread.throwSyntaxrm(Unknown Source)
	at org.apache.derby.impl.drda.DDMReader.readDssHeader(Unknown Source)
	at org.apache.derby.impl.drda.DRDAConnThread.exchangeServerAttributes(Unknown Source)
	at org.apache.derby.impl.drda.DRDAConnThread.sessionInitialState(Unknown Source)
	at org.apache.derby.impl.drda.DRDAConnThread.run(Unknown Source)
Fri Jan 18 09:55:29 EET 2019 Thread[DRDAConnThread_15,5,main] (DATABASE = null), (DRDAID = null), Execution failed because of a Distributed Protocol Error:  DRDA_Proto_SYNTAXRM; CODPNT arg  = 0; Error Code Value = 3. Plaintext connection attempt from an SSL enabled client?
Fri Jan 18 09:55:29 EET 2019 : Execution failed because of a Distributed Protocol Error:  DRDA_Proto_SYNTAXRM; CODPNT arg  = 0; Error Code Value = 3. Plaintext connection attempt from an SSL enabled client?
org.apache.derby.impl.drda.DRDAProtocolException: Execution failed because of a Distributed Protocol Error:  DRDA_Proto_SYNTAXRM; CODPNT arg  = 0; Error Code Value = 3. Plaintext connection attempt from an SSL enabled client?
	at org.apache.derby.impl.drda.DRDAConnThread.throwSyntaxrm(Unknown Source)
	at org.apache.derby.impl.drda.DDMReader.readDssHeader(Unknown Source)
	at org.apache.derby.impl.drda.DRDAConnThread.exchangeServerAttributes(Unknown Source)
	at org.apache.derby.impl.drda.DRDAConnThread.sessionInitialState(Unknown Source)
	at org.apache.derby.impl.drda.DRDAConnThread.run(Unknown Source)
Fri Jan 18 09:55:29 EET 2019 Thread[DRDAConnThread_15,5,main] (DATABASE = null), (DRDAID = null), Execution failed because of a Distributed Protocol Error:  DRDA_Proto_SYNTAXRM; CODPNT arg  = 0; Error Code Value = 3. Plaintext connection attempt from an SSL enabled client?
Fri Jan 18 09:55:29 EET 2019 : Execution failed because of a Distributed Protocol Error:  DRDA_Proto_SYNTAXRM; CODPNT arg  = 0; Error Code Value = 3. Plaintext connection attempt from an SSL enabled client?
org.apache.derby.impl.drda.DRDAProtocolException: Execution failed because of a Distributed Protocol Error:  DRDA_Proto_SYNTAXRM; CODPNT arg  = 0; Error Code Value = 3. Plaintext connection attempt from an SSL enabled client?
	at org.apache.derby.impl.drda.DRDAConnThread.throwSyntaxrm(Unknown Source)
	at org.apache.derby.impl.drda.DDMReader.readDssHeader(Unknown Source)
	at org.apache.derby.impl.drda.DRDAConnThread.exchangeServerAttributes(Unknown Source)
	at org.apache.derby.impl.drda.DRDAConnThread.sessionInitialState(Unknown Source)
	at org.apache.derby.impl.drda.DRDAConnThread.run(Unknown Source)
Fri Jan 18 09:55:29 EET 2019 Thread[DRDAConnThread_16,5,main] (DATABASE = null), (DRDAID = null), Execution failed because of a Distributed Protocol Error:  DRDA_Proto_SYNTAXRM; CODPNT arg  = 0; Error Code Value = 3. Plaintext connection attempt from an SSL enabled client?
Fri Jan 18 09:55:29 EET 2019 : Execution failed because of a Distributed Protocol Error:  DRDA_Proto_SYNTAXRM; CODPNT arg  = 0; Error Code Value = 3. Plaintext connection attempt from an SSL enabled client?
org.apache.derby.impl.drda.DRDAProtocolException: Execution failed because of a Distributed Protocol Error:  DRDA_Proto_SYNTAXRM; CODPNT arg  = 0; Error Code Value = 3. Plaintext connection attempt from an SSL enabled client?
	at org.apache.derby.impl.drda.DRDAConnThread.throwSyntaxrm(Unknown Source)
	at org.apache.derby.impl.drda.DDMReader.readDssHeader(Unknown Source)
	at org.apache.derby.impl.drda.DRDAConnThread.exchangeServerAttributes(Unknown Source)
	at org.apache.derby.impl.drda.DRDAConnThread.sessionInitialState(Unknown Source)
	at org.apache.derby.impl.drda.DRDAConnThread.run(Unknown Source)
Fri Jan 18 09:55:29 EET 2019 Thread[DRDAConnThread_16,5,main] (DATABASE = null), (DRDAID = null), Execution failed because of a Distributed Protocol Error:  DRDA_Proto_SYNTAXRM; CODPNT arg  = 0; Error Code Value = 3. Plaintext connection attempt from an SSL enabled client?
Fri Jan 18 09:55:29 EET 2019 : Execution failed because of a Distributed Protocol Error:  DRDA_Proto_SYNTAXRM; CODPNT arg  = 0; Error Code Value = 3. Plaintext connection attempt from an SSL enabled client?
org.apache.derby.impl.drda.DRDAProtocolException: Execution failed because of a Distributed Protocol Error:  DRDA_Proto_SYNTAXRM; CODPNT arg  = 0; Error Code Value = 3. Plaintext connection attempt from an SSL enabled client?
	at org.apache.derby.impl.drda.DRDAConnThread.throwSyntaxrm(Unknown Source)
	at org.apache.derby.impl.drda.DDMReader.readDssHeader(Unknown Source)
	at org.apache.derby.impl.drda.DRDAConnThread.exchangeServerAttributes(Unknown Source)
	at org.apache.derby.impl.drda.DRDAConnThread.sessionInitialState(Unknown Source)
	at org.apache.derby.impl.drda.DRDAConnThread.run(Unknown Source)
----------------------------------------------------------------
Fri Jan 18 10:04:47 EET 2019: Shutting down Derby engine
